Determining if the pthread_create exist failed with the following output:
<<<<<<< HEAD
Change Dir: /home/dawsonc/e190_ws/build/CMakeFiles/CMakeTmp

Run Build Command:"/usr/bin/make" "cmTC_755a4/fast"
/usr/bin/make -f CMakeFiles/cmTC_755a4.dir/build.make CMakeFiles/cmTC_755a4.dir/build
make[1]: Entering directory '/home/dawsonc/e190_ws/build/CMakeFiles/CMakeTmp'
Building C object CMakeFiles/cmTC_755a4.dir/CheckSymbolExists.c.o
/usr/bin/cc     -o CMakeFiles/cmTC_755a4.dir/CheckSymbolExists.c.o   -c /home/dawsonc/e190_ws/build/CMakeFiles/CMakeTmp/CheckSymbolExists.c
Linking C executable cmTC_755a4
/usr/bin/cmake -E cmake_link_script CMakeFiles/cmTC_755a4.dir/link.txt --verbose=1
/usr/bin/cc       CMakeFiles/cmTC_755a4.dir/CheckSymbolExists.c.o  -o cmTC_755a4 -rdynamic 
CMakeFiles/cmTC_755a4.dir/CheckSymbolExists.c.o: In function `main':
CheckSymbolExists.c:(.text+0x16): undefined reference to `pthread_create'
collect2: error: ld returned 1 exit status
CMakeFiles/cmTC_755a4.dir/build.make:97: recipe for target 'cmTC_755a4' failed
make[1]: *** [cmTC_755a4] Error 1
make[1]: Leaving directory '/home/dawsonc/e190_ws/build/CMakeFiles/CMakeTmp'
Makefile:126: recipe for target 'cmTC_755a4/fast' failed
make: *** [cmTC_755a4/fast] Error 2

File /home/dawsonc/e190_ws/build/CMakeFiles/CMakeTmp/CheckSymbolExists.c:
=======
Change Dir: /home/peter/190_ws/build/CMakeFiles/CMakeTmp

Run Build Command:"/usr/bin/make" "cmTC_2ba64/fast"
/usr/bin/make -f CMakeFiles/cmTC_2ba64.dir/build.make CMakeFiles/cmTC_2ba64.dir/build
make[1]: Entering directory '/home/peter/190_ws/build/CMakeFiles/CMakeTmp'
Building C object CMakeFiles/cmTC_2ba64.dir/CheckSymbolExists.c.o
/usr/bin/cc     -o CMakeFiles/cmTC_2ba64.dir/CheckSymbolExists.c.o   -c /home/peter/190_ws/build/CMakeFiles/CMakeTmp/CheckSymbolExists.c
Linking C executable cmTC_2ba64
/usr/bin/cmake -E cmake_link_script CMakeFiles/cmTC_2ba64.dir/link.txt --verbose=1
/usr/bin/cc       CMakeFiles/cmTC_2ba64.dir/CheckSymbolExists.c.o  -o cmTC_2ba64 -rdynamic 
CMakeFiles/cmTC_2ba64.dir/CheckSymbolExists.c.o: In function `main':
CheckSymbolExists.c:(.text+0x16): undefined reference to `pthread_create'
collect2: error: ld returned 1 exit status
CMakeFiles/cmTC_2ba64.dir/build.make:97: recipe for target 'cmTC_2ba64' failed
make[1]: *** [cmTC_2ba64] Error 1
make[1]: Leaving directory '/home/peter/190_ws/build/CMakeFiles/CMakeTmp'
Makefile:126: recipe for target 'cmTC_2ba64/fast' failed
make: *** [cmTC_2ba64/fast] Error 2

File /home/peter/190_ws/build/CMakeFiles/CMakeTmp/CheckSymbolExists.c:
>>>>>>> f71165a0ade14f78aa727a313e9ebe52fa57ba0b
/* */
#include <pthread.h>

int main(int argc, char** argv)
{
  (void)argv;
#ifndef pthread_create
  return ((int*)(&pthread_create))[argc];
#else
  (void)argc;
  return 0;
#endif
}

Determining if the function pthread_create exists in the pthreads failed with the following output:
<<<<<<< HEAD
Change Dir: /home/dawsonc/e190_ws/build/CMakeFiles/CMakeTmp

Run Build Command:"/usr/bin/make" "cmTC_bb330/fast"
/usr/bin/make -f CMakeFiles/cmTC_bb330.dir/build.make CMakeFiles/cmTC_bb330.dir/build
make[1]: Entering directory '/home/dawsonc/e190_ws/build/CMakeFiles/CMakeTmp'
Building C object CMakeFiles/cmTC_bb330.dir/CheckFunctionExists.c.o
/usr/bin/cc    -DCHECK_FUNCTION_EXISTS=pthread_create   -o CMakeFiles/cmTC_bb330.dir/CheckFunctionExists.c.o   -c /usr/share/cmake-3.5/Modules/CheckFunctionExists.c
Linking C executable cmTC_bb330
/usr/bin/cmake -E cmake_link_script CMakeFiles/cmTC_bb330.dir/link.txt --verbose=1
/usr/bin/cc   -DCHECK_FUNCTION_EXISTS=pthread_create    CMakeFiles/cmTC_bb330.dir/CheckFunctionExists.c.o  -o cmTC_bb330 -rdynamic -lpthreads 
/usr/bin/ld: cannot find -lpthreads
collect2: error: ld returned 1 exit status
CMakeFiles/cmTC_bb330.dir/build.make:97: recipe for target 'cmTC_bb330' failed
make[1]: *** [cmTC_bb330] Error 1
make[1]: Leaving directory '/home/dawsonc/e190_ws/build/CMakeFiles/CMakeTmp'
Makefile:126: recipe for target 'cmTC_bb330/fast' failed
make: *** [cmTC_bb330/fast] Error 2
=======
Change Dir: /home/peter/190_ws/build/CMakeFiles/CMakeTmp

Run Build Command:"/usr/bin/make" "cmTC_d932d/fast"
/usr/bin/make -f CMakeFiles/cmTC_d932d.dir/build.make CMakeFiles/cmTC_d932d.dir/build
make[1]: Entering directory '/home/peter/190_ws/build/CMakeFiles/CMakeTmp'
Building C object CMakeFiles/cmTC_d932d.dir/CheckFunctionExists.c.o
/usr/bin/cc    -DCHECK_FUNCTION_EXISTS=pthread_create   -o CMakeFiles/cmTC_d932d.dir/CheckFunctionExists.c.o   -c /usr/share/cmake-3.5/Modules/CheckFunctionExists.c
Linking C executable cmTC_d932d
/usr/bin/cmake -E cmake_link_script CMakeFiles/cmTC_d932d.dir/link.txt --verbose=1
/usr/bin/cc   -DCHECK_FUNCTION_EXISTS=pthread_create    CMakeFiles/cmTC_d932d.dir/CheckFunctionExists.c.o  -o cmTC_d932d -rdynamic -lpthreads 
/usr/bin/ld: cannot find -lpthreads
collect2: error: ld returned 1 exit status
CMakeFiles/cmTC_d932d.dir/build.make:97: recipe for target 'cmTC_d932d' failed
make[1]: *** [cmTC_d932d] Error 1
make[1]: Leaving directory '/home/peter/190_ws/build/CMakeFiles/CMakeTmp'
Makefile:126: recipe for target 'cmTC_d932d/fast' failed
make: *** [cmTC_d932d/fast] Error 2
>>>>>>> f71165a0ade14f78aa727a313e9ebe52fa57ba0b


